Release 14.7 - xst P.20131013 (nt64)
Copyright (c) 1995-2013 Xilinx, Inc.  All rights reserved.
--> Parameter TMPDIR set to xst/projnav.tmp


Total REAL time to Xst completion: 1.00 secs
Total CPU time to Xst completion: 0.70 secs
 
--> Parameter xsthdpdir set to xst


Total REAL time to Xst completion: 1.00 secs
Total CPU time to Xst completion: 0.71 secs
 
--> Reading design: top.prj

TABLE OF CONTENTS
  1) Synthesis Options Summary
  2) HDL Compilation
  3) Design Hierarchy Analysis
  4) HDL Analysis
  5) HDL Synthesis
     5.1) HDL Synthesis Report
  6) Advanced HDL Synthesis
     6.1) Advanced HDL Synthesis Report
  7) Low Level Synthesis
  8) Partition Report
  9) Final Report
	9.1) Device utilization summary
	9.2) Partition Resource Summary
	9.3) TIMING REPORT


=========================================================================
*                      Synthesis Options Summary                        *
=========================================================================
---- Source Parameters
Input File Name                    : "top.prj"
Input Format                       : mixed
Ignore Synthesis Constraint File   : NO

---- Target Parameters
Output File Name                   : "top"
Output Format                      : NGC
Target Device                      : xc3s1000-5-ft256

---- Source Options
Top Module Name                    : top
Automatic FSM Extraction           : YES
FSM Encoding Algorithm             : Auto
Safe Implementation                : No
FSM Style                          : LUT
RAM Extraction                     : Yes
RAM Style                          : Auto
ROM Extraction                     : Yes
Mux Style                          : Auto
Decoder Extraction                 : YES
Priority Encoder Extraction        : Yes
Shift Register Extraction          : YES
Logical Shifter Extraction         : YES
XOR Collapsing                     : YES
ROM Style                          : Auto
Mux Extraction                     : Yes
Resource Sharing                   : YES
Asynchronous To Synchronous        : NO
Multiplier Style                   : Auto
Automatic Register Balancing       : No

---- Target Options
Add IO Buffers                     : YES
Global Maximum Fanout              : 500
Add Generic Clock Buffer(BUFG)     : 8
Register Duplication               : YES
Slice Packing                      : YES
Optimize Instantiated Primitives   : NO
Use Clock Enable                   : Yes
Use Synchronous Set                : Yes
Use Synchronous Reset              : Yes
Pack IO Registers into IOBs        : Auto
Equivalent register Removal        : YES

---- General Options
Optimization Goal                  : Speed
Optimization Effort                : 1
Keep Hierarchy                     : No
Netlist Hierarchy                  : As_Optimized
RTL Output                         : Yes
Global Optimization                : AllClockNets
Read Cores                         : YES
Write Timing Constraints           : NO
Cross Clock Analysis               : NO
Hierarchy Separator                : /
Bus Delimiter                      : <>
Case Specifier                     : Maintain
Slice Utilization Ratio            : 100
BRAM Utilization Ratio             : 100
Verilog 2001                       : YES
Auto BRAM Packing                  : NO
Slice Utilization Ratio Delta      : 5

=========================================================================


=========================================================================
*                          HDL Compilation                              *
=========================================================================
Compiling verilog file "../piano_combined.v" in library work
Module <top> compiled
Module <lut_to_notes> compiled
Module <inputconditioner_1> compiled
Module <lut_1> compiled
Module <musicC_1> compiled
Module <musicD_1> compiled
Module <musicE_1> compiled
Module <musicF_1> compiled
Module <musicG_1> compiled
Module <musicA_1> compiled
Module <musicB_1> compiled
Module <musicC2_1> compiled
No errors in compilation
Analysis of file <"top.prj"> succeeded.
 

=========================================================================
*                     Design Hierarchy Analysis                         *
=========================================================================
Analyzing hierarchy for module <top> in library <work>.

Analyzing hierarchy for module <lut_to_notes> in library <work>.

Analyzing hierarchy for module <inputconditioner_1> in library <work> with parameters.
	counterwidth = "00000000000000000000000000000011"
	waittime = "00000000000000000000000000000011"

Analyzing hierarchy for module <lut_1> in library <work>.

Analyzing hierarchy for module <musicC_1> in library <work>.

Analyzing hierarchy for module <musicD_1> in library <work>.

Analyzing hierarchy for module <musicE_1> in library <work>.

Analyzing hierarchy for module <musicF_1> in library <work>.

Analyzing hierarchy for module <musicG_1> in library <work>.

Analyzing hierarchy for module <musicA_1> in library <work>.

Analyzing hierarchy for module <musicB_1> in library <work>.

Analyzing hierarchy for module <musicC2_1> in library <work>.


=========================================================================
*                            HDL Analysis                               *
=========================================================================
Analyzing top module <top>.
Module <top> is correct for synthesis.
 
Analyzing module <lut_to_notes> in library <work>.
Module <lut_to_notes> is correct for synthesis.
 
Analyzing module <inputconditioner_1> in library <work>.
	counterwidth = 32'sb00000000000000000000000000000011
	waittime = 32'sb00000000000000000000000000000011
Module <inputconditioner_1> is correct for synthesis.
 
Analyzing module <lut_1> in library <work>.
Module <lut_1> is correct for synthesis.
 
Analyzing module <musicC_1> in library <work>.
Module <musicC_1> is correct for synthesis.
 
Analyzing module <musicD_1> in library <work>.
Module <musicD_1> is correct for synthesis.
 
Analyzing module <musicE_1> in library <work>.
Module <musicE_1> is correct for synthesis.
 
Analyzing module <musicF_1> in library <work>.
Module <musicF_1> is correct for synthesis.
 
Analyzing module <musicG_1> in library <work>.
Module <musicG_1> is correct for synthesis.
 
Analyzing module <musicA_1> in library <work>.
Module <musicA_1> is correct for synthesis.
 
Analyzing module <musicB_1> in library <work>.
Module <musicB_1> is correct for synthesis.
 
Analyzing module <musicC2_1> in library <work>.
Module <musicC2_1> is correct for synthesis.
 

=========================================================================
*                           HDL Synthesis                               *
=========================================================================

Performing bidirectional port resolution...

Synthesizing Unit <inputconditioner_1>.
    Related source file is "../piano_combined.v".
WARNING:Xst:646 - Signal <positiveedge> is assigned but never used. This unconnected signal will be trimmed during the optimization process.
WARNING:Xst:646 - Signal <negativeedge> is assigned but never used. This unconnected signal will be trimmed during the optimization process.
    Found 1-bit register for signal <conditioned>.
    Found 3-bit up counter for signal <counter>.
    Found 1-bit xor2 for signal <counter$xor0000> created at line 59.
    Found 1-bit register for signal <synchronizer0>.
    Found 1-bit register for signal <synchronizer1>.
    Summary:
	inferred   1 Counter(s).
	inferred   3 D-type flip-flop(s).
Unit <inputconditioner_1> synthesized.


Synthesizing Unit <lut_1>.
    Related source file is "../piano_combined.v".
Unit <lut_1> synthesized.


Synthesizing Unit <musicC_1>.
    Related source file is "../piano_combined.v".
    Found 17-bit up counter for signal <counter>.
    Summary:
	inferred   1 Counter(s).
Unit <musicC_1> synthesized.


Synthesizing Unit <musicD_1>.
    Related source file is "../piano_combined.v".
    Found 17-bit up counter for signal <counter>.
    Summary:
	inferred   1 Counter(s).
Unit <musicD_1> synthesized.


Synthesizing Unit <musicE_1>.
    Related source file is "../piano_combined.v".
    Found 17-bit up counter for signal <counter>.
    Summary:
	inferred   1 Counter(s).
Unit <musicE_1> synthesized.


Synthesizing Unit <musicF_1>.
    Related source file is "../piano_combined.v".
    Found 17-bit up counter for signal <counter>.
    Summary:
	inferred   1 Counter(s).
Unit <musicF_1> synthesized.


Synthesizing Unit <musicG_1>.
    Related source file is "../piano_combined.v".
    Found 16-bit up counter for signal <counter>.
    Summary:
	inferred   1 Counter(s).
Unit <musicG_1> synthesized.


Synthesizing Unit <musicA_1>.
    Related source file is "../piano_combined.v".
    Found 16-bit up counter for signal <counter>.
    Summary:
	inferred   1 Counter(s).
Unit <musicA_1> synthesized.


Synthesizing Unit <musicB_1>.
    Related source file is "../piano_combined.v".
    Found 16-bit up counter for signal <counter>.
    Summary:
	inferred   1 Counter(s).
Unit <musicB_1> synthesized.


Synthesizing Unit <musicC2_1>.
    Related source file is "../piano_combined.v".
    Found 16-bit up counter for signal <counter>.
    Summary:
	inferred   1 Counter(s).
Unit <musicC2_1> synthesized.


Synthesizing Unit <lut_to_notes>.
    Related source file is "../piano_combined.v".
WARNING:Xst:646 - Signal <counter8> is assigned but never used. This unconnected signal will be trimmed during the optimization process.
WARNING:Xst:646 - Signal <counter7> is assigned but never used. This unconnected signal will be trimmed during the optimization process.
WARNING:Xst:646 - Signal <counter6> is assigned but never used. This unconnected signal will be trimmed during the optimization process.
WARNING:Xst:646 - Signal <counter5> is assigned but never used. This unconnected signal will be trimmed during the optimization process.
WARNING:Xst:646 - Signal <counter4> is assigned but never used. This unconnected signal will be trimmed during the optimization process.
WARNING:Xst:646 - Signal <counter3> is assigned but never used. This unconnected signal will be trimmed during the optimization process.
WARNING:Xst:646 - Signal <counter2> is assigned but never used. This unconnected signal will be trimmed during the optimization process.
WARNING:Xst:646 - Signal <counter1> is assigned but never used. This unconnected signal will be trimmed during the optimization process.
Unit <lut_to_notes> synthesized.


Synthesizing Unit <top>.
    Related source file is "../piano_combined.v".
Unit <top> synthesized.


=========================================================================
HDL Synthesis Report

Macro Statistics
# Counters                                             : 16
 16-bit up counter                                     : 4
 17-bit up counter                                     : 4
 3-bit up counter                                      : 8
# Registers                                            : 24
 1-bit register                                        : 24
# Xors                                                 : 8
 1-bit xor2                                            : 8

=========================================================================

=========================================================================
*                       Advanced HDL Synthesis                          *
=========================================================================


=========================================================================
Advanced HDL Synthesis Report

Macro Statistics
# Counters                                             : 16
 16-bit up counter                                     : 4
 17-bit up counter                                     : 4
 3-bit up counter                                      : 8
# Registers                                            : 24
 Flip-Flops                                            : 24
# Xors                                                 : 8
 1-bit xor2                                            : 8

=========================================================================

=========================================================================
*                         Low Level Synthesis                           *
=========================================================================

Optimizing unit <top> ...

Optimizing unit <inputconditioner_1> ...

Optimizing unit <lut_to_notes> ...

Mapping all equations...
Building and optimizing final netlist ...
Found area constraint ratio of 100 (+ 5) on block top, actual ratio is 1.
FlipFlop final/cnote_ic1/conditioned has been replicated 1 time(s)
FlipFlop final/dnote_ic1/conditioned has been replicated 1 time(s)
FlipFlop final/enote_ic1/conditioned has been replicated 1 time(s)
FlipFlop final/fnote_ic1/conditioned has been replicated 1 time(s)

Final Macro Processing ...

Processing Unit <top> :
	Found 2-bit shift register for signal <final/cnote_ic1/synchronizer1>.
	Found 2-bit shift register for signal <final/dnote_ic1/synchronizer1>.
	Found 2-bit shift register for signal <final/enote_ic1/synchronizer1>.
	Found 2-bit shift register for signal <final/fnote_ic1/synchronizer1>.
	Found 2-bit shift register for signal <final/gnote_ic1/synchronizer1>.
	Found 2-bit shift register for signal <final/anote_ic1/synchronizer1>.
	Found 2-bit shift register for signal <final/bnote_ic1/synchronizer1>.
	Found 2-bit shift register for signal <final/c2note_ic1/synchronizer1>.
Unit <top> processed.

=========================================================================
Final Register Report

Macro Statistics
# Registers                                            : 168
 Flip-Flops                                            : 168
# Shift Registers                                      : 8
 2-bit shift register                                  : 8

=========================================================================

=========================================================================
*                           Partition Report                            *
=========================================================================

Partition Implementation Status
-------------------------------

  No Partitions were found in this design.

-------------------------------

=========================================================================
*                            Final Report                               *
=========================================================================
Final Results
RTL Top Level Output File Name     : top.ngr
Top Level Output File Name         : top
Output Format                      : NGC
Optimization Goal                  : Speed
Keep Hierarchy                     : No

Design Statistics
# IOs                              : 17

Cell Usage :
# BELS                             : 518
#      GND                         : 1
#      INV                         : 18
#      LUT1                        : 126
#      LUT2                        : 12
#      LUT3                        : 24
#      LUT3_D                      : 8
#      LUT4                        : 32
#      MUXCY                       : 164
#      VCC                         : 1
#      XORCY                       : 132
# FlipFlops/Latches                : 176
#      FD                          : 8
#      FDE                         : 12
#      FDR                         : 24
#      FDRE                        : 132
# Shift Registers                  : 8
#      SRL16                       : 8
# Clock Buffers                    : 1
#      BUFGP                       : 1
# IO Buffers                       : 16
#      IBUF                        : 8
#      OBUF                        : 8
=========================================================================

Device utilization summary:
---------------------------

Selected Device : 3s1000ft256-5 

 Number of Slices:                      125  out of   7680     1%  
 Number of Slice Flip Flops:            176  out of  15360     1%  
 Number of 4 input LUTs:                228  out of  15360     1%  
    Number used as logic:               220
    Number used as Shift registers:       8
 Number of IOs:                          17
 Number of bonded IOBs:                  17  out of    173     9%  
 Number of GCLKs:                         1  out of      8    12%  

---------------------------
Partition Resource Summary:
---------------------------

  No Partitions were found in this design.

---------------------------


=========================================================================
TIMING REPORT

NOTE: THESE TIMING NUMBERS ARE ONLY A SYNTHESIS ESTIMATE.
      FOR ACCURATE TIMING INFORMATION PLEASE REFER TO THE TRACE REPORT
      GENERATED AFTER PLACE-and-ROUTE.

Clock Information:
------------------
-----------------------------------+------------------------+-------+
Clock Signal                       | Clock buffer(FF name)  | Load  |
-----------------------------------+------------------------+-------+
clk                                | BUFGP                  | 184   |
-----------------------------------+------------------------+-------+

Asynchronous Control Signals Information:
----------------------------------------
No asynchronous control signals found in this design

Timing Summary:
---------------
Speed Grade: -5

   Minimum period: 5.048ns (Maximum Frequency: 198.090MHz)
   Minimum input arrival time before clock: 1.778ns
   Maximum output required time after clock: 6.306ns
   Maximum combinational path delay: No path found

Timing Detail:
--------------
All values displayed in nanoseconds (ns)

=========================================================================
Timing constraint: Default period analysis for Clock 'clk'
  Clock period: 5.048ns (frequency: 198.090MHz)
  Total number of paths / destination ports: 3848 / 476
-------------------------------------------------------------------------
Delay:               5.048ns (Levels of Logic = 3)
  Source:            final/fnote_ic1/conditioned_1 (FF)
  Destination:       final/fnote1/counter_16 (FF)
  Source Clock:      clk rising
  Destination Clock: clk rising

  Data Path: final/fnote_ic1/conditioned_1 to final/fnote1/counter_16
                                Gate     Net
    Cell:in->out      fanout   Delay   Delay  Logical Name (Net Name)
    ----------------------------------------  ------------
     FDE:C->Q             18   0.626   1.227  final/fnote_ic1/conditioned_1 (final/fnote_ic1/conditioned_1)
     LUT4:I3->O            1   0.479   0.000  final/fnote1/counter_and0000_wg_lut<3> (final/fnote1/counter_and0000_wg_lut<3>)
     MUXCY:S->O            1   0.435   0.000  final/fnote1/counter_and0000_wg_cy<3> (final/fnote1/counter_and0000_wg_cy<3>)
     MUXCY:CI->O          17   0.246   1.143  final/fnote1/counter_and0000_wg_cy<4> (final/fnote1/counter_and0000)
     FDRE:R                    0.892          final/fnote1/counter_0
    ----------------------------------------
    Total                      5.048ns (2.678ns logic, 2.371ns route)
                                       (53.0% logic, 47.0% route)

=========================================================================
Timing constraint: Default OFFSET IN BEFORE for Clock 'clk'
  Total number of paths / destination ports: 8 / 8
-------------------------------------------------------------------------
Offset:              1.778ns (Levels of Logic = 1)
  Source:            sw<0> (PAD)
  Destination:       final/cnote_ic1/Mshreg_synchronizer1 (FF)
  Destination Clock: clk rising

  Data Path: sw<0> to final/cnote_ic1/Mshreg_synchronizer1
                                Gate     Net
    Cell:in->out      fanout   Delay   Delay  Logical Name (Net Name)
    ----------------------------------------  ------------
     IBUF:I->O             1   0.715   0.681  sw_0_IBUF (sw_0_IBUF)
     SRL16:D                   0.382          final/cnote_ic1/Mshreg_synchronizer1
    ----------------------------------------
    Total                      1.778ns (1.097ns logic, 0.681ns route)
                                       (61.7% logic, 38.3% route)

=========================================================================
Timing constraint: Default OFFSET OUT AFTER for Clock 'clk'
  Total number of paths / destination ports: 8 / 8
-------------------------------------------------------------------------
Offset:              6.306ns (Levels of Logic = 1)
  Source:            final/fnote1/counter_16 (FF)
  Destination:       gpioBank1<3> (PAD)
  Source Clock:      clk rising

  Data Path: final/fnote1/counter_16 to gpioBank1<3>
                                Gate     Net
    Cell:in->out      fanout   Delay   Delay  Logical Name (Net Name)
    ----------------------------------------  ------------
     FDRE:C->Q             3   0.626   0.771  final/fnote1/counter_16 (final/fnote1/counter_16)
     OBUF:I->O                 4.909          gpioBank1_3_OBUF (gpioBank1<3>)
    ----------------------------------------
    Total                      6.306ns (5.535ns logic, 0.771ns route)
                                       (87.8% logic, 12.2% route)

=========================================================================


Total REAL time to Xst completion: 39.00 secs
Total CPU time to Xst completion: 38.52 secs
 
--> 

Total memory usage is 300364 kilobytes

Number of errors   :    0 (   0 filtered)
Number of warnings :   10 (   0 filtered)
Number of infos    :    0 (   0 filtered)

