--------------------------------------------------------------------------------
Release 14.7 Trace  (nt64)
Copyright (c) 1995-2013 Xilinx, Inc.  All rights reserved.

C:\Xilinx\14.7\ISE_DS\ISE\bin\nt64\unwrapped\trce.exe -intstyle ise -v 3 -s 5
-n 3 -fastpaths -xml top.twx top.ncd -o top.twr top.pcf

Design file:              top.ncd
Physical constraint file: top.pcf
Device,package,speed:     xc3s1000,ft256,-5 (PRODUCTION 1.39 2013-10-13)
Report level:             verbose report

Environment Variable      Effect 
--------------------      ------ 
NONE                      No environment variables were set
--------------------------------------------------------------------------------

INFO:Timing:2698 - No timing constraints found, doing default enumeration.
INFO:Timing:3412 - To improve timing, see the Timing Closure User Guide (UG612).
INFO:Timing:2752 - To get complete path coverage, use the unconstrained paths 
   option. All paths that are not constrained will be reported in the 
   unconstrained paths section(s) of the report.
INFO:Timing:3339 - The clock-to-out numbers in this timing report are based on 
   a 50 Ohm transmission line loading model.  For the details of this model, 
   and for more information on accounting for different loading conditions, 
   please see the device datasheet.
INFO:Timing:3390 - This architecture does not support a default System Jitter 
   value, please add SYSTEM_JITTER constraint to the UCF to modify the Clock 
   Uncertainty calculation.
INFO:Timing:3389 - This architecture does not support 'Discrete Jitter' and 
   'Phase Error' calculations, these terms will be zero in the Clock 
   Uncertainty calculation.  Please make appropriate modification to 
   SYSTEM_JITTER to account for the unsupported Discrete Jitter and Phase 
   Error.



Data Sheet report:
-----------------
All values displayed in nanoseconds (ns)

Setup/Hold to clock clk
------------+------------+------------+------------------+--------+
            |Max Setup to|Max Hold to |                  | Clock  |
Source      | clk (edge) | clk (edge) |Internal Clock(s) | Phase  |
------------+------------+------------+------------------+--------+
sw<0>       |    0.931(R)|   -0.012(R)|clk_BUFGP         |   0.000|
sw<1>       |    0.716(R)|    0.158(R)|clk_BUFGP         |   0.000|
sw<2>       |    1.090(R)|   -0.148(R)|clk_BUFGP         |   0.000|
sw<3>       |    1.120(R)|   -0.175(R)|clk_BUFGP         |   0.000|
sw<4>       |    1.111(R)|   -0.175(R)|clk_BUFGP         |   0.000|
sw<5>       |    1.074(R)|   -0.132(R)|clk_BUFGP         |   0.000|
sw<6>       |    1.698(R)|   -0.665(R)|clk_BUFGP         |   0.000|
sw<7>       |    1.197(R)|   -0.229(R)|clk_BUFGP         |   0.000|
------------+------------+------------+------------------+--------+

Clock clk to Pad
------------+------------+------------------+--------+
            | clk (edge) |                  | Clock  |
Destination |   to PAD   |Internal Clock(s) | Phase  |
------------+------------+------------------+--------+
gpioBank1<0>|    9.361(R)|clk_BUFGP         |   0.000|
gpioBank1<1>|   10.893(R)|clk_BUFGP         |   0.000|
gpioBank1<2>|   10.618(R)|clk_BUFGP         |   0.000|
gpioBank1<3>|   10.413(R)|clk_BUFGP         |   0.000|
gpioBank2<0>|    9.137(R)|clk_BUFGP         |   0.000|
gpioBank2<1>|    9.002(R)|clk_BUFGP         |   0.000|
gpioBank2<2>|    9.089(R)|clk_BUFGP         |   0.000|
gpioBank2<3>|   10.041(R)|clk_BUFGP         |   0.000|
------------+------------+------------------+--------+

Clock to Setup on destination clock clk
---------------+---------+---------+---------+---------+
               | Src:Rise| Src:Fall| Src:Rise| Src:Fall|
Source Clock   |Dest:Rise|Dest:Rise|Dest:Fall|Dest:Fall|
---------------+---------+---------+---------+---------+
clk            |    5.374|         |         |         |
---------------+---------+---------+---------+---------+


Analysis completed Wed Dec 17 14:07:57 2014 
--------------------------------------------------------------------------------

Trace Settings:
-------------------------
Trace Settings 

Peak Memory Usage: 165 MB



